<?xml version="1.0" encoding="UTF-8"?>
<!-- Generated by org.testng.reporters.JUnitReportReporter -->
<testsuite hostname="DESKTOP-UABGKGF" failures="0" tests="1" name="com.letcode.test.TC002Login2" time="52.972" errors="0" timestamp="2023-04-20T10:52:49 IST" skipped="0">
  <testcase classname="com.letcode.test.TC002Login2" name="loginTest1" time="52.972"/>
  <system-out/>
</testsuite> <!-- com.letcode.test.TC002Login2 -->
